<?xml version="1.0" encoding="UTF-8"?>
<testsuites name="jest tests" tests="1" failures="0" errors="0" time="9.31">
  <testsuite name="" errors="0" failures="0" skipped="0" timestamp="2021-10-15T14:48:18" time="3.869" tests="1">
    <testcase classname=" a" name=" a" time="0.054">
    </testcase>
  </testsuite>
</testsuites>